<?xml version="1.0" encoding="UTF-8"?>
<!-- Generated by org.testng.reporters.JUnitXMLReporter -->
<testsuite ignored="0" hostname="DESKTOP-1TEHGD1" failures="0" tests="3" name="Test1" time="0.011" errors="0" timestamp="2024-10-05T11:41:25 IST">
  <testcase classname="org.session.com.TestNGAnnotation" name="A" time="0.001"/>
  <testcase classname="org.session.com.TestNGAnnotation" name="B" time="0.001"/>
  <testcase classname="org.session.com.TestNGAnnotation" name="C" time="0.003"/>
</testsuite> <!-- Test1 -->
